  CMakeCXXCompilerId.cpp
  GameObject.cpp
C:\Users\Lenovo\Desktop\Codes\ReplayLabelEx\sokulib\src\Cards.hpp(100,3): warning C4996: 'SokuLib::UnknownCardStruct': Use CardInfo instead
  (编译源文件“sokulib/src/GameObject.cpp”)
  
C:\Users\Lenovo\Desktop\Codes\ReplayLabelEx\sokulib\src\CharacterManager.hpp(514,8): warning C4200: 使用了非标准扩展: 结构/联合中的零大小数组
  (编译源文件“sokulib/src/GameObject.cpp”)
  C:\Users\Lenovo\Desktop\Codes\ReplayLabelEx\sokulib\src\CharacterManager.hpp(514,8):
  默认构造函数或 copy/move 赋值运算符将忽略此成员
  
C:\Users\Lenovo\Desktop\Codes\ReplayLabelEx\sokulib\src\GameObject.hpp(34,21): warning C4309: “初始化”: 截断常量值
  (编译源文件“sokulib/src/GameObject.cpp”)
  
  main.cpp
C:\Users\Lenovo\Desktop\Codes\ReplayLabelEx\SokuLib\src\Cards.hpp(100,3): warning C4996: 'SokuLib::UnknownCardStruct': Use CardInfo instead
  (编译源文件“src/main.cpp”)
  
C:\Users\Lenovo\Desktop\Codes\ReplayLabelEx\SokuLib\src\CharacterManager.hpp(514,8): warning C4200: 使用了非标准扩展: 结构/联合中的零大小数组
  (编译源文件“src/main.cpp”)
  C:\Users\Lenovo\Desktop\Codes\ReplayLabelEx\SokuLib\src\CharacterManager.hpp(514,8):
  默认构造函数或 copy/move 赋值运算符将忽略此成员
  
C:\Users\Lenovo\Desktop\Codes\ReplayLabelEx\SokuLib\src\GameObject.hpp(34,21): warning C4309: “初始化”: 截断常量值
  (编译源文件“src/main.cpp”)
  
C:\Users\Lenovo\Desktop\Codes\ReplayLabelEx\SokuLib\src\IFileReader.hpp(57,30): warning C4244: “=”: 从“LONG”转换到“char”，可能丢失数据
  (编译源文件“src/main.cpp”)
  
C:\Users\Lenovo\Desktop\Codes\ReplayLabelEx\SokuLib\src\NetObject.hpp(1,1): warning C4819: 该文件包含不能在当前代码页(936)中表示的字符。请将该文件保存为 Unicode 格式以防止数据丢失
  (编译源文件“src/main.cpp”)
  
C:\Users\Lenovo\Desktop\Codes\ReplayLabelEx\SokuLib\src\Packet.hpp(179,10): warning C4200: 使用了非标准扩展: 结构/联合中的零大小数组
  (编译源文件“src/main.cpp”)
  C:\Users\Lenovo\Desktop\Codes\ReplayLabelEx\SokuLib\src\Packet.hpp(179,10):
  默认构造函数或 copy/move 赋值运算符将忽略此成员
  
C:\Users\Lenovo\Desktop\Codes\ReplayLabelEx\SokuLib\src\Packet.hpp(204,10): warning C4200: 使用了非标准扩展: 结构/联合中的零大小数组
  (编译源文件“src/main.cpp”)
  C:\Users\Lenovo\Desktop\Codes\ReplayLabelEx\SokuLib\src\Packet.hpp(204,10):
  默认构造函数或 copy/move 赋值运算符将忽略此成员
  
C:\Users\Lenovo\Desktop\Codes\ReplayLabelEx\SokuLib\src\Packet.hpp(296,11): warning C4200: 使用了非标准扩展: 结构/联合中的零大小数组
  (编译源文件“src/main.cpp”)
  C:\Users\Lenovo\Desktop\Codes\ReplayLabelEx\SokuLib\src\Packet.hpp(296,11):
  默认构造函数或 copy/move 赋值运算符将忽略此成员
  
  正在生成代码...
  CMakeCCompilerId.c
CMakeCCompilerId.obj : error LNK2005: _main 已经在 CMakeCXXCompilerId.obj 中定义
    正在创建库 C:\Users\Lenovo\Desktop\Codes\ReplayLabelEx\Debug\ReplayLabelEx.lib 和对象 C:\Users\Lenovo\Desktop\Codes\ReplayLabelEx\Debug\ReplayLabelEx.exp
DrawUtils.obj : error LNK2019: 无法解析的外部符号 _D3DXGetImageInfoFromFileA@8，函数 "public: bool __thiscall SokuLib::DrawUtils::Texture::loadFromFile(char const *)" (?loadFromFile@Texture@DrawUtils@SokuLib@@QAE_NPBD@Z) 中引用了该符号
DrawUtils.obj : error LNK2019: 无法解析的外部符号 _D3DXGetImageInfoFromResourceA@12，函数 "public: bool __thiscall SokuLib::DrawUtils::Texture::loadFromResource(struct HINSTANCE__ *,char const *)" (?loadFromResource@Texture@DrawUtils@SokuLib@@QAE_NPAUHINSTANCE__@@PBD@Z) 中引用了该符号
DrawUtils.obj : error LNK2019: 无法解析的外部符号 _D3DXCreateTextureFromFileExA@56，函数 "public: bool __thiscall SokuLib::DrawUtils::Texture::loadFromFile(char const *)" (?loadFromFile@Texture@DrawUtils@SokuLib@@QAE_NPBD@Z) 中引用了该符号
DrawUtils.obj : error LNK2019: 无法解析的外部符号 _D3DXCreateTextureFromResourceExA@60，函数 "public: bool __thiscall SokuLib::DrawUtils::Texture::loadFromResource(struct HINSTANCE__ *,char const *)" (?loadFromResource@Texture@DrawUtils@SokuLib@@QAE_NPAUHINSTANCE__@@PBD@Z) 中引用了该符号
Packet.obj : error LNK2019: 无法解析的外部符号 _htons@4，函数 "void __cdecl SokuLib::displayPacketContent(class std::basic_ostream<char,struct std::char_traits<char> > &,union SokuLib::Packet const &)" (?displayPacketContent@SokuLib@@YAXAAV?$basic_ostream@DU?$char_traits@D@std@@@std@@ABTPacket@1@@Z) 中引用了该符号
C:\Users\Lenovo\Desktop\Codes\ReplayLabelEx\Debug\ReplayLabelEx.dll : fatal error LNK1120: 5 个无法解析的外部命令
