<<<<<<< HEAD
﻿LINK : warning LNK4075: 忽略“/INCREMENTAL”(由于“/OPT:ICF”规范)
=======
﻿  main.cpp
C:\Users\Lenovo\Desktop\Codes\ReplayLabelEx\SokuLib\src\Cards.hpp(100,3): warning C4996: 'SokuLib::UnknownCardStruct': Use CardInfo instead
  (编译源文件“src/main.cpp”)
  
C:\Users\Lenovo\Desktop\Codes\ReplayLabelEx\SokuLib\src\CharacterManager.hpp(514,8): warning C4200: 使用了非标准扩展: 结构/联合中的零大小数组
  (编译源文件“src/main.cpp”)
  C:\Users\Lenovo\Desktop\Codes\ReplayLabelEx\SokuLib\src\CharacterManager.hpp(514,8):
  默认构造函数或 copy/move 赋值运算符将忽略此成员
  
C:\Users\Lenovo\Desktop\Codes\ReplayLabelEx\SokuLib\src\GameObject.hpp(34,21): warning C4309: “初始化”: 截断常量值
  (编译源文件“src/main.cpp”)
  
C:\Users\Lenovo\Desktop\Codes\ReplayLabelEx\SokuLib\src\IFileReader.hpp(57,30): warning C4244: “=”: 从“LONG”转换到“char”，可能丢失数据
  (编译源文件“src/main.cpp”)
  
C:\Users\Lenovo\Desktop\Codes\ReplayLabelEx\SokuLib\src\NetObject.hpp(1,1): warning C4819: 该文件包含不能在当前代码页(936)中表示的字符。请将该文件保存为 Unicode 格式以防止数据丢失
  (编译源文件“src/main.cpp”)
  
C:\Users\Lenovo\Desktop\Codes\ReplayLabelEx\SokuLib\src\Packet.hpp(181,10): warning C4200: 使用了非标准扩展: 结构/联合中的零大小数组
  (编译源文件“src/main.cpp”)
  C:\Users\Lenovo\Desktop\Codes\ReplayLabelEx\SokuLib\src\Packet.hpp(181,10):
  默认构造函数或 copy/move 赋值运算符将忽略此成员
  
C:\Users\Lenovo\Desktop\Codes\ReplayLabelEx\SokuLib\src\Packet.hpp(206,10): warning C4200: 使用了非标准扩展: 结构/联合中的零大小数组
  (编译源文件“src/main.cpp”)
  C:\Users\Lenovo\Desktop\Codes\ReplayLabelEx\SokuLib\src\Packet.hpp(206,10):
  默认构造函数或 copy/move 赋值运算符将忽略此成员
  
C:\Users\Lenovo\Desktop\Codes\ReplayLabelEx\SokuLib\src\Packet.hpp(298,11): warning C4200: 使用了非标准扩展: 结构/联合中的零大小数组
  (编译源文件“src/main.cpp”)
  C:\Users\Lenovo\Desktop\Codes\ReplayLabelEx\SokuLib\src\Packet.hpp(298,11):
  默认构造函数或 copy/move 赋值运算符将忽略此成员
  
LINK : warning LNK4075: 忽略“/INCREMENTAL”(由于“/OPT:ICF”规范)
>>>>>>> dev
    正在创建库 C:\Users\Lenovo\Desktop\Codes\ReplayLabelEx\Release\ReplayLabelEx.lib 和对象 C:\Users\Lenovo\Desktop\Codes\ReplayLabelEx\Release\ReplayLabelEx.exp
  ReplayLabelEx.vcxproj -> C:\Users\Lenovo\Desktop\Codes\ReplayLabelEx\Release\ReplayLabelEx.dll
